This is pdfTeX, Version 3.141592653-2.6-1.40.22 (TeX Live 2022/dev/Debian) (preloaded format=pdflatex 2023.4.7)  10 APR 2023 16:02
entering extended mode
 restricted \write18 enabled.
 %&-line parsing enabled.
**source.tex
(./source.tex
LaTeX2e <2021-11-15> patch level 1
L3 programming layer <2022-01-21>
(/usr/share/texlive/texmf-dist/tex/latex/base/article.cls
Document Class: article 2021/10/04 v1.4n Standard LaTeX document class
(/usr/share/texlive/texmf-dist/tex/latex/base/size10.clo
File: size10.clo 2021/10/04 v1.4n Standard LaTeX file (size option)
)
\c@part=\count185
\c@section=\count186
\c@subsection=\count187
\c@subsubsection=\count188
\c@paragraph=\count189
\c@subparagraph=\count190
\c@figure=\count191
\c@table=\count192
\abovecaptionskip=\skip47
\belowcaptionskip=\skip48
\bibindent=\dimen138
)
(/usr/share/texlive/texmf-dist/tex/latex/tools/enumerate.sty
Package: enumerate 2015/07/23 v3.00 enumerate extensions (DPC)
\@enLab=\toks16
)
(/usr/share/texlive/texmf-dist/tex/latex/tools/multicol.sty
Package: multicol 2021/10/28 v1.9b multicolumn formatting (FMi)
\c@tracingmulticols=\count193
\mult@box=\box50
\multicol@leftmargin=\dimen139
\c@unbalance=\count194
\c@collectmore=\count195
\doublecol@number=\count196
\multicoltolerance=\count197
\multicolpretolerance=\count198
\full@width=\dimen140
\page@free=\dimen141
\premulticols=\dimen142
\postmulticols=\dimen143
\multicolsep=\skip49
\multicolbaselineskip=\skip50
\partial@page=\box51
\last@line=\box52
\maxbalancingoverflow=\dimen144
\mult@rightbox=\box53
\mult@grightbox=\box54
\mult@firstbox=\box55
\mult@gfirstbox=\box56
\@tempa=\box57
\@tempa=\box58
\@tempa=\box59
\@tempa=\box60
\@tempa=\box61
\@tempa=\box62
\@tempa=\box63
\@tempa=\box64
\@tempa=\box65
\@tempa=\box66
\@tempa=\box67
\@tempa=\box68
\@tempa=\box69
\@tempa=\box70
\@tempa=\box71
\@tempa=\box72
\@tempa=\box73
\@tempa=\box74
\@tempa=\box75
\@tempa=\box76
\@tempa=\box77
\@tempa=\box78
\@tempa=\box79
\@tempa=\box80
\@tempa=\box81
\@tempa=\box82
\@tempa=\box83
\@tempa=\box84
\@tempa=\box85
\@tempa=\box86
\@tempa=\box87
\@tempa=\box88
\@tempa=\box89
\@tempa=\box90
\@tempa=\box91
\@tempa=\box92
\c@minrows=\count199
\c@columnbadness=\count266
\c@finalcolumnbadness=\count267
\last@try=\dimen145
\multicolovershoot=\dimen146
\multicolundershoot=\dimen147
\mult@nat@firstbox=\box93
\colbreak@box=\box94
\mc@col@check@num=\count268
)
(/usr/share/texlive/texmf-dist/tex/latex/fp/fp.sty
Package: fp 1995/04/02

`Fixed Point Package', Version 0.8, April 2, 1995 (C) Michael Mehlich
(/usr/share/texlive/texmf-dist/tex/latex/fp/defpattern.sty
Package: defpattern 1994/10/12
\actioncount=\count269
)
(/usr/share/texlive/texmf-dist/tex/latex/fp/fp-basic.sty
Package: fp-basic 1996/05/13
\FP@xs=\count270
\FP@xia=\count271
\FP@xib=\count272
\FP@xfa=\count273
\FP@xfb=\count274
\FP@rega=\count275
\FP@regb=\count276
\FP@regs=\count277
\FP@times=\count278
)
(/usr/share/texlive/texmf-dist/tex/latex/fp/fp-addons.sty
Package: fp-addons 1995/03/15
)
(/usr/share/texlive/texmf-dist/tex/latex/fp/fp-snap.sty
Package: fp-snap 1995/04/05
)
(/usr/share/texlive/texmf-dist/tex/latex/fp/fp-exp.sty
Package: fp-exp 1995/04/03
)
(/usr/share/texlive/texmf-dist/tex/latex/fp/fp-trigo.sty
Package: fp-trigo 1995/04/14
)
(/usr/share/texlive/texmf-dist/tex/latex/fp/fp-pas.sty
Package: fp-pas 1994/08/29
)
(/usr/share/texlive/texmf-dist/tex/latex/fp/fp-random.sty
Package: fp-random 1995/02/23
\FPseed=\count279
)
(/usr/share/texlive/texmf-dist/tex/latex/fp/fp-eqn.sty
Package: fp-eqn 1995/04/03
)
(/usr/share/texlive/texmf-dist/tex/latex/fp/fp-upn.sty
Package: fp-upn 1996/10/21
)
(/usr/share/texlive/texmf-dist/tex/latex/fp/fp-eval.sty
Package: fp-eval 1995/04/03
))
(/usr/share/texlive/texmf-dist/tex/latex/amsmath/amsmath.sty
Package: amsmath 2021/10/15 v2.17l AMS math features
\@mathmargin=\skip51

For additional information on amsmath, use the `?' option.
(/usr/share/texlive/texmf-dist/tex/latex/amsmath/amstext.sty
Package: amstext 2021/08/26 v2.01 AMS text

(/usr/share/texlive/texmf-dist/tex/latex/amsmath/amsgen.sty
File: amsgen.sty 1999/11/30 v2.0 generic functions
\@emptytoks=\toks17
\ex@=\dimen148
))
(/usr/share/texlive/texmf-dist/tex/latex/amsmath/amsbsy.sty
Package: amsbsy 1999/11/29 v1.2d Bold Symbols
\pmbraise@=\dimen149
)
(/usr/share/texlive/texmf-dist/tex/latex/amsmath/amsopn.sty
Package: amsopn 2021/08/26 v2.02 operator names
)
\inf@bad=\count280
LaTeX Info: Redefining \frac on input line 234.
\uproot@=\count281
\leftroot@=\count282
LaTeX Info: Redefining \overline on input line 399.
\classnum@=\count283
\DOTSCASE@=\count284
LaTeX Info: Redefining \ldots on input line 496.
LaTeX Info: Redefining \dots on input line 499.
LaTeX Info: Redefining \cdots on input line 620.
\Mathstrutbox@=\box95
\strutbox@=\box96
\big@size=\dimen150
LaTeX Font Info:    Redeclaring font encoding OML on input line 743.
LaTeX Font Info:    Redeclaring font encoding OMS on input line 744.
\macc@depth=\count285
\c@MaxMatrixCols=\count286
\dotsspace@=\muskip16
\c@parentequation=\count287
\dspbrk@lvl=\count288
\tag@help=\toks18
\row@=\count289
\column@=\count290
\maxfields@=\count291
\andhelp@=\toks19
\eqnshift@=\dimen151
\alignsep@=\dimen152
\tagshift@=\dimen153
\tagwidth@=\dimen154
\totwidth@=\dimen155
\lineht@=\dimen156
\@envbody=\toks20
\multlinegap=\skip52
\multlinetaggap=\skip53
\mathdisplay@stack=\toks21
LaTeX Info: Redefining \[ on input line 2938.
LaTeX Info: Redefining \] on input line 2939.
)
(/usr/share/texmf/tex/latex/AMC/automultiplechoice.sty
AMC version: 2021/11/21 v1.5.2 r:d5fe5a59
Package: automultiplechoice 2021/11/21 v1.5.2 r:d5fe5a59
(/usr/share/texlive/texmf-dist/tex/latex/xcolor/xcolor.sty
Package: xcolor 2021/10/31 v2.13 LaTeX color extensions (UK)

(/usr/share/texlive/texmf-dist/tex/latex/graphics-cfg/color.cfg
File: color.cfg 2016/01/02 v1.6 sample color configuration
)
Package xcolor Info: Driver file: pdftex.def on input line 227.

(/usr/share/texlive/texmf-dist/tex/latex/graphics-def/pdftex.def
File: pdftex.def 2020/10/05 v1.2a Graphics/color driver for pdftex
)
Package xcolor Info: Model `cmy' substituted by `cmy0' on input line 1352.
Package xcolor Info: Model `hsb' substituted by `rgb' on input line 1356.
Package xcolor Info: Model `RGB' extended on input line 1368.
Package xcolor Info: Model `HTML' substituted by `rgb' on input line 1370.
Package xcolor Info: Model `Hsb' substituted by `hsb' on input line 1371.
Package xcolor Info: Model `tHsb' substituted by `hsb' on input line 1372.
Package xcolor Info: Model `HSB' substituted by `hsb' on input line 1373.
Package xcolor Info: Model `Gray' substituted by `gray' on input line 1374.
Package xcolor Info: Model `wave' substituted by `hsb' on input line 1375.
)
(/usr/share/texlive/texmf-dist/tex/latex/fancyhdr/fancyhdr.sty
Package: fancyhdr 2021/01/28 v4.0.1 Extensive control of page headers and foote
rs
\f@nch@headwidth=\skip54
\f@nch@O@elh=\skip55
\f@nch@O@erh=\skip56
\f@nch@O@olh=\skip57
\f@nch@O@orh=\skip58
\f@nch@O@elf=\skip59
\f@nch@O@erf=\skip60
\f@nch@O@olf=\skip61
\f@nch@O@orf=\skip62
)
(/usr/share/texlive/texmf-dist/tex/latex/bophook/bophook.sty
Package: bophook 2001/03/29 v0.02 beginning-of-page hook, K. Tinnefeld
)
(/usr/share/texlive/texmf-dist/tex/latex/xkeyval/xkeyval.sty
Package: xkeyval 2020/11/20 v2.8 package option processing (HA)

(/usr/share/texlive/texmf-dist/tex/generic/xkeyval/xkeyval.tex
(/usr/share/texlive/texmf-dist/tex/generic/xkeyval/xkvutils.tex
\XKV@toks=\toks22
\XKV@tempa@toks=\toks23

(/usr/share/texlive/texmf-dist/tex/generic/xkeyval/keyval.tex))
\XKV@depth=\count292
File: xkeyval.tex 2014/12/03 v2.7a key=value parser (HA)
))
(/usr/share/texlive/texmf-dist/tex/latex/graphics/rotating.sty
Package: rotating 2016/08/11 v2.16d rotated objects in LaTeX

(/usr/share/texlive/texmf-dist/tex/latex/graphics/graphicx.sty
Package: graphicx 2021/09/16 v1.2d Enhanced LaTeX Graphics (DPC,SPQR)

(/usr/share/texlive/texmf-dist/tex/latex/graphics/graphics.sty
Package: graphics 2021/03/04 v1.4d Standard LaTeX Graphics (DPC,SPQR)

(/usr/share/texlive/texmf-dist/tex/latex/graphics/trig.sty
Package: trig 2021/08/11 v1.11 sin cos tan (DPC)
)
(/usr/share/texlive/texmf-dist/tex/latex/graphics-cfg/graphics.cfg
File: graphics.cfg 2016/06/04 v1.11 sample graphics configuration
)
Package graphics Info: Driver file: pdftex.def on input line 107.
)
\Gin@req@height=\dimen157
\Gin@req@width=\dimen158
)
(/usr/share/texlive/texmf-dist/tex/latex/base/ifthen.sty
Package: ifthen 2020/11/24 v1.1c Standard LaTeX ifthen package (DPC)
)
\c@r@tfl@t=\count293
\rotFPtop=\skip63
\rotFPbot=\skip64
\rot@float@box=\box97
\rot@mess@toks=\toks24
)
(/usr/share/texlive/texmf-dist/tex/latex/fancybox/fancybox.sty
Package: fancybox 2010/05/15 1.4

Style option: `fancybox' v1.4 <2010/05/15> (tvz)
\@fancybox=\box98
\shadowsize=\dimen159
\@Sbox=\box99
\do@VerbBox=\toks25
\the@fancyput=\toks26
\this@fancyput=\toks27
\EndVerbatimTokens=\toks28
\Verbatim@Outfile=\write3
\Verbatim@Infile=\read2
) (/usr/share/texlive/texmf-dist/tex/latex/l3kernel/expl3.sty
Package: expl3 2022-01-21 L3 programming layer (loader) 

(/usr/share/texlive/texmf-dist/tex/latex/l3backend/l3backend-pdftex.def
File: l3backend-pdftex.def 2022-01-12 L3 backend support: PDF output (pdfTeX)
\l__color_backend_stack_int=\count294
\l__pdf_internal_box=\box100
))
(/usr/share/texlive/texmf-dist/tex/latex/csvsimple/csvsimple.sty
(/usr/share/texlive/texmf-dist/tex/latex/l3packages/l3keys2e/l3keys2e.sty
Package: l3keys2e 2022-01-12 LaTeX2e option processing using LaTeX3 keys
)
Package: csvsimple 2022/02/01 v2.3.0 LaTeX CSV file processing
)
(/usr/share/texlive/texmf-dist/tex/latex/csvsimple/csvsimple-legacy.sty
Package: csvsimple-legacy 2022/02/01 version 2.3.0 LaTeX2e CSV file processing

(/usr/share/texlive/texmf-dist/tex/latex/pgf/utilities/pgfrcs.sty
(/usr/share/texlive/texmf-dist/tex/generic/pgf/utilities/pgfutil-common.tex
\pgfutil@everybye=\toks29
\pgfutil@tempdima=\dimen160
\pgfutil@tempdimb=\dimen161

(/usr/share/texlive/texmf-dist/tex/generic/pgf/utilities/pgfutil-common-lists.t
ex)) (/usr/share/texlive/texmf-dist/tex/generic/pgf/utilities/pgfutil-latex.def
\pgfutil@abb=\box101
) (/usr/share/texlive/texmf-dist/tex/generic/pgf/utilities/pgfrcs.code.tex
(/usr/share/texlive/texmf-dist/tex/generic/pgf/pgf.revision.tex)
Package: pgfrcs 2021/05/15 v3.1.9a (3.1.9a)
))
(/usr/share/texlive/texmf-dist/tex/latex/pgf/utilities/pgfkeys.sty
(/usr/share/texlive/texmf-dist/tex/generic/pgf/utilities/pgfkeys.code.tex
\pgfkeys@pathtoks=\toks30
\pgfkeys@temptoks=\toks31

(/usr/share/texlive/texmf-dist/tex/generic/pgf/utilities/pgfkeysfiltered.code.t
ex
\pgfkeys@tmptoks=\toks32
))) (/usr/share/texlive/texmf-dist/tex/latex/etoolbox/etoolbox.sty
Package: etoolbox 2020/10/05 v2.5k e-TeX tools for LaTeX (JAW)
\etb@tempcnta=\count295
)
(/usr/share/texlive/texmf-dist/tex/latex/tools/shellesc.sty
Package: shellesc 2019/11/08 v1.0c unified shell escape interface for LaTeX
Package shellesc Info: Restricted shell escape enabled on input line 77.
)
\csv@file=\read3
\c@csvinputline=\count296
\c@csvrow=\count297
\c@csvcol=\count298
\csv@out=\write4
)
(/usr/share/texlive/texmf-dist/tex/latex/environ/environ.sty
Package: environ 2014/05/04 v0.3 A new way to define environments

(/usr/share/texlive/texmf-dist/tex/latex/trimspaces/trimspaces.sty
Package: trimspaces 2009/09/17 v1.1 Trim spaces around a token list
))
Loading configuration file...
(./amc-compiled-config.tex)
\AMC@logfile=\write5
\openout5 = `amc-compiled.amc'.

\AMCload@counter=\count299
\AMCid@quest=\count300
\AMCid@check=\count301
\AMCid@etud=\count302
\AMCid@etudstart=\count303
\AMCid@etudfin=\count304
\AMCnum@copies=\count305
\AMCformVSpace=\dimen162
\AMCformHSpace=\dimen163
\AMCinterIrep=\dimen164
\AMCinterBrep=\dimen165
\AMCinterIquest=\dimen166
\AMCinterBquest=\dimen167
\AMCpostOquest=\dimen168
\AMCids@width=\dimen169
\AMCids@height=\dimen170
\AMC@SR=\count306
\AMC@SR@count=\count307
\AMC@SRnum=\count308
\AMC@sti=\count309
\AMC@stil=\count310
\AMCsw@p@=\toks33
\AMC@numerotation=\count311
\AMC@XYspecial=\write6
\AMC@tmpXY=\write7
\AMC@smashbox=\box102
\AMC@smashboxheight=\dimen171
\c@AMC@ncase=\count312
\AMC@boxedrule=\skip65
\AMC@crossrule=\skip66
\AMC@boxeddown=\skip67
\AMC@boxedwidth=\skip68
\AMC@boxedheight=\skip69
\AMC@oval@radius=\skip70
\AMC@outside@sep=\skip71
\AMC@CBtaille=\skip72
\AMCbin@sequence=\toks34
\AMCbin@number=\count313
\AMCbin@digit=\count314
\AMCbin@id=\count315
\AMCbin@did=\count316
\AMCbin@ndigits=\count317
\AMCbin@hsep=\dimen172
\AMCtok@k=\count318
\AMCtok@max=\count319
\AMCtok@size=\count320
\AMC@imax=\count321
\AMCtok@ik=\count322
\AMCloop@k=\count323
\AMCrep@count=\count324
\reponse@cxcix=\toks35
\reponse@cxcviii=\toks36
\reponse@cxcvii=\toks37
\reponse@cxcvi=\toks38
\reponse@cxcv=\toks39
\reponse@cxciv=\toks40
\reponse@cxciii=\toks41
\reponse@cxcii=\toks42
\reponse@cxci=\toks43
\reponse@cxc=\toks44
\reponse@clxxxix=\toks45
\reponse@clxxxviii=\toks46
\reponse@clxxxvii=\toks47
\reponse@clxxxvi=\toks48
\reponse@clxxxv=\toks49
\reponse@clxxxiv=\toks50
\reponse@clxxxiii=\toks51
\reponse@clxxxii=\toks52
\reponse@clxxxi=\toks53
\reponse@clxxx=\toks54
\reponse@clxxix=\toks55
\reponse@clxxviii=\toks56
\reponse@clxxvii=\toks57
\reponse@clxxvi=\toks58
\reponse@clxxv=\toks59
\reponse@clxxiv=\toks60
\reponse@clxxiii=\toks61
\reponse@clxxii=\toks62
\reponse@clxxi=\toks63
\reponse@clxx=\toks64
\reponse@clxix=\toks65
\reponse@clxviii=\toks66
\reponse@clxvii=\toks67
\reponse@clxvi=\toks68
\reponse@clxv=\toks69
\reponse@clxiv=\toks70
\reponse@clxiii=\toks71
\reponse@clxii=\toks72
\reponse@clxi=\toks73
\reponse@clx=\toks74
\reponse@clix=\toks75
\reponse@clviii=\toks76
\reponse@clvii=\toks77
\reponse@clvi=\toks78
\reponse@clv=\toks79
\reponse@cliv=\toks80
\reponse@cliii=\toks81
\reponse@clii=\toks82
\reponse@cli=\toks83
\reponse@cl=\toks84
\reponse@cxlix=\toks85
\reponse@cxlviii=\toks86
\reponse@cxlvii=\toks87
\reponse@cxlvi=\toks88
\reponse@cxlv=\toks89
\reponse@cxliv=\toks90
\reponse@cxliii=\toks91
\reponse@cxlii=\toks92
\reponse@cxli=\toks93
\reponse@cxl=\toks94
\reponse@cxxxix=\toks95
\reponse@cxxxviii=\toks96
\reponse@cxxxvii=\toks97
\reponse@cxxxvi=\toks98
\reponse@cxxxv=\toks99
\reponse@cxxxiv=\toks100
\reponse@cxxxiii=\toks101
\reponse@cxxxii=\toks102
\reponse@cxxxi=\toks103
\reponse@cxxx=\toks104
\reponse@cxxix=\toks105
\reponse@cxxviii=\toks106
\reponse@cxxvii=\toks107
\reponse@cxxvi=\toks108
\reponse@cxxv=\toks109
\reponse@cxxiv=\toks110
\reponse@cxxiii=\toks111
\reponse@cxxii=\toks112
\reponse@cxxi=\toks113
\reponse@cxx=\toks114
\reponse@cxix=\toks115
\reponse@cxviii=\toks116
\reponse@cxvii=\toks117
\reponse@cxvi=\toks118
\reponse@cxv=\toks119
\reponse@cxiv=\toks120
\reponse@cxiii=\toks121
\reponse@cxii=\toks122
\reponse@cxi=\toks123
\reponse@cx=\toks124
\reponse@cix=\toks125
\reponse@cviii=\toks126
\reponse@cvii=\toks127
\reponse@cvi=\toks128
\reponse@cv=\toks129
\reponse@civ=\toks130
\reponse@ciii=\toks131
\reponse@cii=\toks132
\reponse@ci=\toks133
\reponse@c=\toks134
\reponse@xcix=\toks135
\reponse@xcviii=\toks136
\reponse@xcvii=\toks137
\reponse@xcvi=\toks138
\reponse@xcv=\toks139
\reponse@xciv=\toks140
\reponse@xciii=\toks141
\reponse@xcii=\toks142
\reponse@xci=\toks143
\reponse@xc=\toks144
\reponse@lxxxix=\toks145
\reponse@lxxxviii=\toks146
\reponse@lxxxvii=\toks147
\reponse@lxxxvi=\toks148
\reponse@lxxxv=\toks149
\reponse@lxxxiv=\toks150
\reponse@lxxxiii=\toks151
\reponse@lxxxii=\toks152
\reponse@lxxxi=\toks153
\reponse@lxxx=\toks154
\reponse@lxxix=\toks155
\reponse@lxxviii=\toks156
\reponse@lxxvii=\toks157
\reponse@lxxvi=\toks158
\reponse@lxxv=\toks159
\reponse@lxxiv=\toks160
\reponse@lxxiii=\toks161
\reponse@lxxii=\toks162
\reponse@lxxi=\toks163
\reponse@lxx=\toks164
\reponse@lxix=\toks165
\reponse@lxviii=\toks166
\reponse@lxvii=\toks167
\reponse@lxvi=\toks168
\reponse@lxv=\toks169
\reponse@lxiv=\toks170
\reponse@lxiii=\toks171
\reponse@lxii=\toks172
\reponse@lxi=\toks173
\reponse@lx=\toks174
\reponse@lix=\toks175
\reponse@lviii=\toks176
\reponse@lvii=\toks177
\reponse@lvi=\toks178
\reponse@lv=\toks179
\reponse@liv=\toks180
\reponse@liii=\toks181
\reponse@lii=\toks182
\reponse@li=\toks183
\reponse@l=\toks184
\reponse@xlix=\toks185
\reponse@xlviii=\toks186
\reponse@xlvii=\toks187
\reponse@xlvi=\toks188
\reponse@xlv=\toks189
\reponse@xliv=\toks190
\reponse@xliii=\toks191
\reponse@xlii=\toks192
\reponse@xli=\toks193
\reponse@xl=\toks194
\reponse@xxxix=\toks195
\reponse@xxxviii=\toks196
\reponse@xxxvii=\toks197
\reponse@xxxvi=\toks198
\reponse@xxxv=\toks199
\reponse@xxxiv=\toks200
\reponse@xxxiii=\toks201
\reponse@xxxii=\toks202
\reponse@xxxi=\toks203
\reponse@xxx=\toks204
\reponse@xxix=\toks205
\reponse@xxviii=\toks206
\reponse@xxvii=\toks207
\reponse@xxvi=\toks208
\reponse@xxv=\toks209
\reponse@xxiv=\toks210
\reponse@xxiii=\toks211
\reponse@xxii=\toks212
\reponse@xxi=\toks213
\reponse@xx=\toks214
\reponse@xix=\toks215
\reponse@xviii=\toks216
\reponse@xvii=\toks217
\reponse@xvi=\toks218
\reponse@xv=\toks219
\reponse@xiv=\toks220
\reponse@xiii=\toks221
\reponse@xii=\toks222
\reponse@xi=\toks223
\reponse@x=\toks224
\reponse@ix=\toks225
\reponse@viii=\toks226
\reponse@vii=\toks227
\reponse@vi=\toks228
\reponse@v=\toks229
\reponse@iv=\toks230
\reponse@iii=\toks231
\reponse@ii=\toks232
\reponse@i=\toks233
\AMCnum@questions=\count325
\AMCrep@@count=\count326
\amc_memory_elts_count=\count327
\AMChorizAnswerSep=\skip73
\AMChorizBoxSep=\skip74
\AMC@mn@test=\skip75
\AMC@mn@sep=\skip76
\AMC@mn@leftmargin=\skip77
\AMC@mn@rightmargin=\skip78
\AMC@sz@width=\skip79
\AMC@sz@height=\skip80
\AMC@sz@depth=\skip81
\AMC@sza@width=\skip82
\AMC@sza@height=\skip83
\AMC@sza@depth=\skip84
\c@AMCquestionaff=\count328
\ouverte@vs=\dimen173
\AMC@chiffres=\count329
\AMCcodeHspace=\dimen174
\AMCcodeVspace=\dimen175
\amc_code_digit_n_int=\count330
\amc_num_exponent_int=\count331
\amc_todigits_int=\count332
\AMCnumeric@Hspace=\dimen176
\AMCnumeric@Vspace=\dimen177
\amc_num_ndigits_int=\count333
\amc_num_decd_int=\count334
\amc_num_expo_int=\count335
\amc_num_base_int=\count336
\amc_num_exact_int=\count337
\amc_num_approx_int=\count338
\amc_num_digit_value_int=\count339
\amc_num_first_digit_int=\count340
\amc_num_digit_int=\count341
\amc_num_sign_int=\count342
\amc_num_expo_sign_int=\count343
\amc_num_correct_expo_int=\count344
\AMCopen@Hspace=\dimen178
\AMCopen@LineHeight=\dimen179
\AMCopen@Lines=\count345
\AMCopen@boxmargin=\dimen180
\AMCopen@boxframerule=\dimen181
\AMCopen@framerule=\dimen182
\AMC@addpages=\count346

(/usr/share/texlive/texmf-dist/tex/latex/etex-pkg/etex.sty
Package: etex 2016/08/01 v2.7 eTeX basic definition package (PEB,DPC)


Package etex Warning: Extended allocation already in use.
(etex)                etex.sty code will not be used.
(etex)                To force etex package to load, add
(etex)                \RequirePackage{etex}
(etex)                at the start of the document.

) ***CORRIGE***
(/usr/share/texlive/texmf-dist/tex/latex/geometry/geometry.sty
Package: geometry 2020/01/02 v5.9 Page Geometry

(/usr/share/texlive/texmf-dist/tex/generic/iftex/ifvtex.sty
Package: ifvtex 2019/10/25 v1.7 ifvtex legacy package. Use iftex instead.

(/usr/share/texlive/texmf-dist/tex/generic/iftex/iftex.sty
Package: iftex 2020/03/06 v1.0d TeX engine tests
))
\Gm@cnth=\count347
\Gm@cntv=\count348
\c@Gm@tempcnt=\count349
\Gm@bindingoffset=\dimen183
\Gm@wd@mp=\dimen184
\Gm@odd@mp=\dimen185
\Gm@even@mp=\dimen186
\Gm@layoutwidth=\dimen187
\Gm@layoutheight=\dimen188
\Gm@layouthoffset=\dimen189
\Gm@layoutvoffset=\dimen190
\Gm@dimlist=\toks234
))
(/usr/share/texlive/texmf-dist/tex/latex/totcount/totcount.sty
Package: totcount 2011/01/25 v1.2 package for gettingthe total value of LaTeX c
ounters
)
\c@AMCquestionaff@totc=\count350

(./amc-compiled.aux)
\openout1 = `amc-compiled.aux'.

LaTeX Font Info:    Checking defaults for OML/cmm/m/it on input line 14.
LaTeX Font Info:    ... okay on input line 14.
LaTeX Font Info:    Checking defaults for OMS/cmsy/m/n on input line 14.
LaTeX Font Info:    ... okay on input line 14.
LaTeX Font Info:    Checking defaults for OT1/cmr/m/n on input line 14.
LaTeX Font Info:    ... okay on input line 14.
LaTeX Font Info:    Checking defaults for T1/cmr/m/n on input line 14.
LaTeX Font Info:    ... okay on input line 14.
LaTeX Font Info:    Checking defaults for TS1/cmr/m/n on input line 14.
LaTeX Font Info:    ... okay on input line 14.
LaTeX Font Info:    Checking defaults for OMX/cmex/m/n on input line 14.
LaTeX Font Info:    ... okay on input line 14.
LaTeX Font Info:    Checking defaults for U/cmr/m/n on input line 14.
LaTeX Font Info:    ... okay on input line 14.

(/usr/share/texlive/texmf-dist/tex/context/base/mkii/supp-pdf.mkii
[Loading MPS to PDF converter (version 2006.09.02).]
\scratchcounter=\count351
\scratchdimen=\dimen191
\scratchbox=\box103
\nofMPsegments=\count352
\nofMParguments=\count353
\everyMPshowfont=\toks235
\MPscratchCnt=\count354
\MPscratchDim=\dimen192
\MPnumerator=\count355
\makeMPintoPDFobject=\count356
\everyMPtoPDFconversion=\toks236
) (/usr/share/texlive/texmf-dist/tex/latex/epstopdf-pkg/epstopdf-base.sty
Package: epstopdf-base 2020-01-24 v2.11 Base part for package epstopdf
Package epstopdf-base Info: Redefining graphics rule for `.eps' on input line 4
85.

(/usr/share/texlive/texmf-dist/tex/latex/latexconfig/epstopdf-sys.cfg
File: epstopdf-sys.cfg 2010/07/13 v1.3 Configuration of (r)epstopdf for TeX Liv
e
))
\AMC@ovalbox@R=\box104
\AMC@ovalbox@RF=\box105
\AMC@ovalbox@=\box106
\AMC@ovalbox@F=\box107

*geometry* driver: auto-detecting
*geometry* detected driver: pdftex
*geometry* verbose mode - [ preamble ] result:
* driver: pdftex
* paper: <default>
* layout: <same size as paper>
* layoutoffset:(h,v)=(0.0pt,0.0pt)
* modes: 
* h-part:(L,W,R)=(85.35826pt, 443.57848pt, 85.35826pt)
* v-part:(T,H,B)=(99.58464pt, 624.25346pt, 71.13188pt)
* \paperwidth=614.295pt
* \paperheight=794.96999pt
* \textwidth=443.57848pt
* \textheight=624.25346pt
* \oddsidemargin=13.08827pt
* \evensidemargin=13.08827pt
* \topmargin=-38.12675pt
* \headheight=56.9055pt
* \headsep=8.5359pt
* \topskip=10.0pt
* \footskip=28.45274pt
* \marginparwidth=65.0pt
* \marginparsep=11.0pt
* \columnsep=10.0pt
* \skip\footins=9.0pt plus 4.0pt minus 2.0pt
* \hoffset=0.0pt
* \voffset=0.0pt
* \mag=1000
* \@twocolumnfalse
* \@twosidefalse
* \@mparswitchfalse
* \@reversemarginfalse
* (1in=72.27pt=25.4mm, 1cm=28.453pt)

(./questions.tex
\test@k=\count357
\AMCtest@j=\count358
\test@i=\toks237
\test@ii=\toks238
\test@iii=\toks239
\test@iv=\toks240
\limit@k=\count359
\AMClimit@j=\count360
\limit@i=\toks241
\limit@ii=\toks242
\limit@iii=\toks243
\limit@iv=\toks244
\sequence@k=\count361
\AMCsequence@j=\count362
\sequence@i=\toks245
\sequence@ii=\toks246
\sequence@iii=\toks247
\sequence@iv=\toks248
\series@k=\count363
\AMCseries@j=\count364
\series@i=\toks249
\series@ii=\toks250
\series@iii=\toks251
\series@iv=\toks252
\series@v=\toks253
\series@vi=\toks254
\series@vii=\toks255
)
Underfull \hbox (badness 10000) in paragraph at lines 141--141

 []


Overfull \hbox (2.2222pt too wide) in paragraph at lines 141--141
$[]$ $[]$
 []


Underfull \hbox (badness 10000) in paragraph at lines 141--141

 []


Underfull \hbox (badness 10000) in paragraph at lines 141--141

 []


Underfull \hbox (badness 10000) in paragraph at lines 141--141

 []

[1{/var/lib/texmf/fonts/map/pdftex/updmap/pdftex.map}

] [2] [3

]
Underfull \hbox (badness 10000) in paragraph at lines 141--141

 []


Overfull \hbox (2.2222pt too wide) in paragraph at lines 141--141
$[]$ $[]$
 []


Underfull \hbox (badness 10000) in paragraph at lines 141--141

 []


Underfull \hbox (badness 10000) in paragraph at lines 141--141

 []

[1

] [2] [3

]
Underfull \hbox (badness 10000) in paragraph at lines 141--141

 []


Overfull \hbox (2.2222pt too wide) in paragraph at lines 141--141
$[]$ $[]$
 []


Underfull \hbox (badness 10000) in paragraph at lines 141--141

 []


Underfull \hbox (badness 10000) in paragraph at lines 141--141

 []


Underfull \hbox (badness 10000) in paragraph at lines 141--141

 []

[1

] [2] [3

]
Underfull \hbox (badness 10000) in paragraph at lines 141--141

 []


Overfull \hbox (2.2222pt too wide) in paragraph at lines 141--141
$[]$ $[]$
 []


Underfull \hbox (badness 10000) in paragraph at lines 141--141

 []


Underfull \hbox (badness 10000) in paragraph at lines 141--141

 []

[1

] [2] [3

] (./amc-compiled.aux) ) 
Here is how much of TeX's memory you used:
 7908 strings out of 478287
 138025 string characters out of 5849290
 660166 words of memory out of 5000000
 25964 multiletter control sequences out of 15000+600000
 471095 words of font info for 35 fonts, out of 8000000 for 9000
 1141 hyphenation exceptions out of 8191
 85i,23n,90p,329b,586s stack positions out of 5000i,500n,10000p,200000b,80000s
</usr/share/texlive/texmf-dist/fonts/type1/public/amsfo
nts/cm/cmbx10.pfb></usr/share/texlive/texmf-dist/fonts/type1/public/amsfonts/cm
/cmbx12.pfb></usr/share/texlive/texmf-dist/fonts/type1/public/amsfonts/cm/cmcsc
10.pfb></usr/share/texlive/texmf-dist/fonts/type1/public/amsfonts/cm/cmex10.pfb
></usr/share/texlive/texmf-dist/fonts/type1/public/amsfonts/cm/cmmi10.pfb></usr
/share/texlive/texmf-dist/fonts/type1/public/amsfonts/cm/cmr10.pfb></usr/share/
texlive/texmf-dist/fonts/type1/public/amsfonts/cm/cmr12.pfb></usr/share/texlive
/texmf-dist/fonts/type1/public/amsfonts/cm/cmr7.pfb></usr/share/texlive/texmf-d
ist/fonts/type1/public/amsfonts/cm/cmsy10.pfb></usr/share/texlive/texmf-dist/fo
nts/type1/public/amsfonts/cm/cmtt10.pfb></usr/share/texlive/texmf-dist/fonts/ty
pe1/public/amsfonts/latxfont/lcircle1.pfb>
Output written on amc-compiled.pdf (12 pages, 174395 bytes).
PDF statistics:
 98 PDF objects out of 1000 (max. 8388607)
 61 compressed objects within 1 object stream
 0 named destinations out of 1000 (max. 500000)
 1 words of extra memory for PDF output out of 10000 (max. 10000000)

